<?xml version="1.0" encoding="UTF-8"?>
<!-- Generated by org.testng.reporters.JUnitReportReporter -->
<testsuite hostname="LAPTOP-0FGV9PVN" failures="0" tests="1" name="cucumberOptions.TestRunner" time="3.283" errors="1" timestamp="2022-10-12T15:32:01 IST" skipped="0">
  <testcase classname="cucumberOptions.TestRunner" name="runScenario" time="3.283">
    <error message="Cannot invoke &quot;org.openqa.selenium.WebDriver.get(String)&quot; because &quot;this.driver&quot; is null" type="java.lang.NullPointerException">
      <![CDATA[java.lang.NullPointerException: Cannot invoke "org.openqa.selenium.WebDriver.get(String)" because "this.driver" is null
at stepDefinations.AppHooks.startWindow(AppHooks.java:28)
]]>
    </error>
  </testcase> <!-- runScenario -->
  <system-out/>
</testsuite> <!-- cucumberOptions.TestRunner -->
